TN:
SF:src/models/characters.model.ts
FNF:0
FNH:0
DA:1,1
DA:2,1
DA:3,1
DA:4,1
DA:5,1
DA:6,1
DA:7,1
DA:8,1
DA:9,1
DA:10,1
DA:11,1
DA:12,1
DA:13,1
DA:14,1
DA:15,1
DA:16,1
DA:17,1
DA:18,1
DA:19,1
DA:20,1
DA:21,1
DA:22,1
DA:23,1
DA:24,1
DA:25,1
DA:26,1
DA:27,1
DA:28,1
DA:29,1
DA:30,1
DA:31,1
DA:32,1
DA:33,1
DA:34,1
DA:35,1
DA:36,1
LF:36
LH:36
BRF:0
BRH:0
end_of_record
TN:
SF:src/models/comics.model.ts
FNF:0
FNH:0
DA:1,1
DA:2,1
DA:3,1
DA:4,1
DA:5,1
DA:6,1
DA:7,1
DA:8,1
DA:9,1
DA:10,1
DA:11,1
DA:12,1
DA:13,1
DA:14,1
DA:15,1
DA:16,1
DA:17,1
DA:18,1
DA:19,1
DA:20,1
DA:21,1
DA:22,1
DA:23,1
DA:24,1
DA:25,1
DA:26,1
DA:27,1
DA:28,1
DA:29,1
DA:30,1
DA:31,1
DA:32,1
DA:33,1
DA:34,1
DA:35,1
DA:36,1
DA:37,1
DA:38,1
DA:39,1
LF:39
LH:39
BRF:0
BRH:0
end_of_record
TN:
SF:src/models/creators.model.ts
FNF:0
FNH:0
DA:1,1
DA:2,1
DA:3,1
DA:4,1
DA:5,1
DA:6,1
DA:7,1
DA:8,1
DA:9,1
DA:10,1
DA:11,1
DA:12,1
DA:13,1
DA:14,1
DA:15,1
DA:16,1
DA:17,1
DA:18,1
DA:19,1
DA:20,1
LF:20
LH:20
BRF:0
BRH:0
end_of_record
TN:
SF:src/services/character.service.ts
FN:10,CharacterService
FN:14,create
FN:19,list
FN:38,findById
FN:46,update
FN:59,delete
FN:73,findWithThumbnailAvailable
FNF:7
FNH:7
FNDA:10,CharacterService
FNDA:1,create
FNDA:1,list
FNDA:2,findById
FNDA:2,update
FNDA:3,delete
FNDA:1,findWithThumbnailAvailable
DA:1,1
DA:2,1
DA:3,1
DA:4,1
DA:5,1
DA:6,1
DA:7,1
DA:8,1
DA:9,1
DA:10,1
DA:11,10
DA:12,10
DA:13,1
DA:14,1
DA:15,1
DA:16,1
DA:17,1
DA:18,1
DA:19,1
DA:20,1
DA:21,1
DA:22,1
DA:23,1
DA:24,1
DA:25,1
DA:26,1
DA:27,1
DA:28,1
DA:29,1
DA:30,1
DA:31,1
DA:32,1
DA:33,1
DA:34,1
DA:35,1
DA:36,1
DA:37,1
DA:38,1
DA:39,2
DA:40,2
DA:41,1
DA:42,1
DA:43,1
DA:44,1
DA:45,1
DA:46,1
DA:47,2
DA:48,2
DA:49,2
DA:50,2
DA:51,2
DA:52,1
DA:53,1
DA:54,1
DA:55,1
DA:56,1
DA:57,1
DA:58,1
DA:59,1
DA:60,3
DA:61,3
DA:62,1
DA:63,1
DA:64,3
DA:65,1
DA:66,1
DA:67,1
DA:68,1
DA:69,1
DA:70,1
DA:71,1
DA:72,1
DA:73,1
DA:74,1
DA:75,1
DA:76,1
DA:77,1
DA:78,1
DA:79,1
DA:80,1
DA:81,1
DA:82,1
DA:83,1
DA:84,1
DA:85,1
DA:86,1
DA:87,1
DA:88,1
DA:89,1
DA:90,1
DA:91,1
LF:91
LH:91
BRDA:10,0,0,10
BRDA:14,1,0,1
BRDA:19,2,0,1
BRDA:31,3,0,5
BRDA:38,4,0,2
BRDA:40,5,0,1
BRDA:46,6,0,2
BRDA:51,7,0,1
BRDA:59,8,0,3
BRDA:61,9,0,1
BRDA:64,10,0,2
BRDA:64,11,0,1
BRDA:73,12,0,1
BRDA:85,13,0,5
BRF:14
BRH:14
end_of_record
TN:
SF:src/services/comic.service.ts
FN:10,ComicService
FN:14,create
FN:19,list
FN:38,findById
FN:46,update
FN:56,delete
FN:70,findByTitle
FN:78,findCheaperThen
FN:108,calculatePriceByPage
FN:130,findNewerThen
FNF:10
FNH:10
FNDA:17,ComicService
FNDA:1,create
FNDA:1,list
FNDA:2,findById
FNDA:2,update
FNDA:3,delete
FNDA:2,findByTitle
FNDA:1,findCheaperThen
FNDA:4,calculatePriceByPage
FNDA:1,findNewerThen
DA:1,1
DA:2,1
DA:3,1
DA:4,1
DA:5,1
DA:6,1
DA:7,1
DA:8,1
DA:9,1
DA:10,1
DA:11,17
DA:12,17
DA:13,1
DA:14,1
DA:15,1
DA:16,1
DA:17,1
DA:18,1
DA:19,1
DA:20,1
DA:21,1
DA:22,1
DA:23,1
DA:24,1
DA:25,1
DA:26,1
DA:27,1
DA:28,1
DA:29,1
DA:30,1
DA:31,1
DA:32,1
DA:33,1
DA:34,1
DA:35,1
DA:36,1
DA:37,1
DA:38,1
DA:39,2
DA:40,2
DA:41,1
DA:42,1
DA:43,1
DA:44,1
DA:45,1
DA:46,1
DA:47,2
DA:48,2
DA:49,1
DA:50,1
DA:51,1
DA:52,1
DA:53,1
DA:54,1
DA:55,1
DA:56,1
DA:57,3
DA:58,3
DA:59,1
DA:60,1
DA:61,3
DA:62,1
DA:63,1
DA:64,1
DA:65,1
DA:66,1
DA:67,1
DA:68,1
DA:69,1
DA:70,1
DA:71,2
DA:72,2
DA:73,1
DA:74,1
DA:75,1
DA:76,1
DA:77,1
DA:78,1
DA:79,1
DA:80,1
DA:81,1
DA:82,1
DA:83,1
DA:84,1
DA:85,1
DA:86,1
DA:87,1
DA:88,1
DA:89,1
DA:90,1
DA:91,1
DA:92,1
DA:93,1
DA:94,1
DA:95,1
DA:96,1
DA:97,1
DA:98,1
DA:99,1
DA:100,1
DA:101,1
DA:102,1
DA:103,1
DA:104,1
DA:105,1
DA:106,1
DA:107,1
DA:108,1
DA:109,4
DA:110,4
DA:111,4
DA:112,4
DA:113,4
DA:114,1
DA:115,1
DA:116,3
DA:117,4
DA:118,1
DA:119,1
DA:120,4
DA:121,1
DA:122,1
DA:123,1
DA:124,1
DA:125,1
DA:126,1
DA:127,4
DA:128,4
DA:129,1
DA:130,1
DA:131,1
DA:132,1
DA:133,1
DA:134,1
DA:135,1
DA:136,1
DA:137,1
DA:138,1
DA:139,1
DA:140,1
DA:141,1
DA:142,1
DA:143,1
DA:144,1
DA:145,1
DA:146,1
DA:147,1
DA:148,1
DA:149,1
DA:150,1
DA:151,1
DA:152,1
DA:153,1
DA:154,1
DA:155,1
DA:156,1
DA:157,1
DA:158,1
DA:159,1
DA:160,1
LF:160
LH:160
BRDA:10,0,0,17
BRDA:14,1,0,1
BRDA:19,2,0,1
BRDA:31,3,0,3
BRDA:38,4,0,2
BRDA:40,5,0,1
BRDA:46,6,0,2
BRDA:48,7,0,1
BRDA:56,8,0,3
BRDA:58,9,0,1
BRDA:61,10,0,2
BRDA:61,11,0,1
BRDA:70,12,0,2
BRDA:72,13,0,1
BRDA:78,14,0,1
BRDA:108,15,0,4
BRDA:113,16,0,1
BRDA:116,17,0,3
BRDA:117,18,0,1
BRDA:120,19,0,2
BRDA:120,20,0,1
BRDA:120,21,0,1
BRDA:127,22,0,1
BRDA:127,23,0,0
BRDA:127,24,0,1
BRDA:127,25,0,1
BRDA:127,26,0,0
BRDA:116,27,0,4
BRDA:130,28,0,1
BRDA:157,29,0,0
BRF:30
BRH:27
end_of_record
TN:
SF:src/services/creator.service.ts
FN:10,CreatorService
FN:14,create
FN:19,list
FN:38,findById
FN:46,update
FN:56,delete
FN:71,findByFullName
FNF:7
FNH:7
FNDA:11,CreatorService
FNDA:1,create
FNDA:1,list
FNDA:2,findById
FNDA:2,update
FNDA:3,delete
FNDA:2,findByFullName
DA:1,1
DA:2,1
DA:3,1
DA:4,1
DA:5,1
DA:6,1
DA:7,1
DA:8,1
DA:9,1
DA:10,1
DA:11,11
DA:12,11
DA:13,1
DA:14,1
DA:15,1
DA:16,1
DA:17,1
DA:18,1
DA:19,1
DA:20,1
DA:21,1
DA:22,1
DA:23,1
DA:24,1
DA:25,1
DA:26,1
DA:27,1
DA:28,1
DA:29,1
DA:30,1
DA:31,1
DA:32,1
DA:33,1
DA:34,1
DA:35,1
DA:36,1
DA:37,1
DA:38,1
DA:39,2
DA:40,2
DA:41,1
DA:42,1
DA:43,1
DA:44,1
DA:45,1
DA:46,1
DA:47,2
DA:48,2
DA:49,1
DA:50,1
DA:51,1
DA:52,1
DA:53,1
DA:54,1
DA:55,1
DA:56,1
DA:57,3
DA:58,3
DA:59,1
DA:60,1
DA:61,3
DA:62,1
DA:63,1
DA:64,1
DA:65,1
DA:66,1
DA:67,1
DA:68,1
DA:69,3
DA:70,1
DA:71,1
DA:72,2
DA:73,2
DA:74,1
DA:75,1
DA:76,1
DA:77,1
DA:78,1
LF:78
LH:78
BRDA:10,0,0,11
BRDA:14,1,0,1
BRDA:19,2,0,1
BRDA:31,3,0,3
BRDA:38,4,0,2
BRDA:40,5,0,1
BRDA:46,6,0,2
BRDA:48,7,0,1
BRDA:56,8,0,3
BRDA:58,9,0,1
BRDA:61,10,0,2
BRDA:61,11,0,1
BRDA:71,12,0,2
BRDA:73,13,0,1
BRF:14
BRH:14
end_of_record
TN:
SF:src/util/paginate.ts
FN:10,Paginate
FN:24,PaginateOptions
FNF:2
FNH:2
FNDA:14,Paginate
FNDA:10,PaginateOptions
DA:1,1
DA:2,1
DA:3,1
DA:4,1
DA:5,1
DA:6,1
DA:7,1
DA:8,1
DA:9,1
DA:10,1
DA:11,14
DA:12,14
DA:13,14
DA:14,14
DA:15,14
DA:16,14
DA:17,1
DA:18,1
DA:19,1
DA:20,1
DA:21,1
DA:22,1
DA:23,1
DA:24,1
DA:25,10
DA:26,10
DA:27,10
DA:28,10
DA:29,10
DA:30,1
DA:31,1
DA:32,1
DA:33,1
DA:34,1
DA:35,10
DA:36,1
LF:36
LH:36
BRDA:10,0,0,14
BRDA:24,1,0,10
BRDA:29,2,0,1
BRF:3
BRH:3
end_of_record
TN:
SF:src/util/rest-error.ts
FN:5,RestError
FNF:1
FNH:1
FNDA:18,RestError
DA:1,1
DA:2,1
DA:3,1
DA:4,1
DA:5,1
DA:6,18
DA:7,18
DA:8,18
DA:9,1
DA:10,1
DA:11,4
DA:12,4
DA:13,4
DA:14,4
DA:15,4
LF:15
LH:15
BRDA:5,0,0,18
BRDA:11,1,0,4
BRF:2
BRH:2
end_of_record
