TN:
SF:src/models/characters.model.ts
FNF:0
FNH:0
DA:1,1
DA:2,1
DA:3,1
DA:4,1
DA:5,1
DA:6,1
DA:7,1
DA:8,1
DA:9,1
DA:10,1
DA:11,1
DA:12,1
DA:13,1
DA:14,1
DA:15,1
DA:16,1
DA:17,1
DA:18,1
DA:19,1
DA:20,1
DA:21,1
DA:22,1
DA:23,1
DA:24,1
DA:25,1
DA:26,1
DA:27,1
DA:28,1
DA:29,1
DA:30,1
DA:31,1
DA:32,1
DA:33,1
DA:34,1
DA:35,1
DA:36,1
LF:36
LH:36
BRF:0
BRH:0
end_of_record
TN:
SF:src/services/character.service.ts
FN:10,CharacterService
FN:14,create
FN:19,list
FN:38,findById
FN:46,update
FN:59,delete
FN:73,findWithThumbnailAvailable
FNF:7
FNH:6
FNDA:9,CharacterService
FNDA:1,create
FNDA:1,list
FNDA:2,findById
FNDA:2,update
FNDA:3,delete
FNDA:0,findWithThumbnailAvailable
DA:1,1
DA:2,1
DA:3,1
DA:4,1
DA:5,1
DA:6,1
DA:7,1
DA:8,1
DA:9,1
DA:10,1
DA:11,9
DA:12,9
DA:13,1
DA:14,1
DA:15,1
DA:16,1
DA:17,1
DA:18,1
DA:19,1
DA:20,1
DA:21,1
DA:22,1
DA:23,1
DA:24,1
DA:25,1
DA:26,1
DA:27,1
DA:28,1
DA:29,1
DA:30,1
DA:31,1
DA:32,1
DA:33,1
DA:34,1
DA:35,1
DA:36,1
DA:37,1
DA:38,1
DA:39,2
DA:40,2
DA:41,1
DA:42,1
DA:43,1
DA:44,1
DA:45,1
DA:46,1
DA:47,2
DA:48,2
DA:49,2
DA:50,2
DA:51,2
DA:52,1
DA:53,1
DA:54,1
DA:55,1
DA:56,1
DA:57,1
DA:58,1
DA:59,1
DA:60,3
DA:61,3
DA:62,1
DA:63,1
DA:64,3
DA:65,1
DA:66,1
DA:67,1
DA:68,1
DA:69,1
DA:70,1
DA:71,1
DA:72,1
DA:73,1
DA:74,0
DA:75,0
DA:76,0
DA:77,0
DA:78,0
DA:79,0
DA:80,0
DA:81,0
DA:82,0
DA:83,0
DA:84,0
DA:85,0
DA:86,0
DA:87,0
DA:88,0
DA:89,0
DA:90,0
DA:91,1
LF:91
LH:74
BRDA:10,0,0,9
BRDA:14,1,0,1
BRDA:19,2,0,1
BRDA:31,3,0,5
BRDA:38,4,0,2
BRDA:40,5,0,1
BRDA:46,6,0,2
BRDA:51,7,0,1
BRDA:59,8,0,3
BRDA:61,9,0,1
BRDA:64,10,0,2
BRDA:64,11,0,1
BRF:12
BRH:12
end_of_record
TN:
SF:src/util/paginate.ts
FN:10,Paginate
FN:24,PaginateOptions
FNF:2
FNH:2
FNDA:2,Paginate
FNDA:1,PaginateOptions
DA:1,1
DA:2,1
DA:3,1
DA:4,1
DA:5,1
DA:6,1
DA:7,1
DA:8,1
DA:9,1
DA:10,1
DA:11,2
DA:12,2
DA:13,2
DA:14,2
DA:15,2
DA:16,2
DA:17,1
DA:18,1
DA:19,1
DA:20,1
DA:21,1
DA:22,1
DA:23,1
DA:24,1
DA:25,1
DA:26,1
DA:27,1
DA:28,1
DA:29,1
DA:30,0
DA:31,0
DA:32,0
DA:33,0
DA:34,0
DA:35,1
DA:36,1
LF:36
LH:31
BRDA:10,0,0,2
BRDA:24,1,0,1
BRDA:29,2,0,0
BRF:3
BRH:2
end_of_record
TN:
SF:src/util/rest-error.ts
FN:5,RestError
FNF:1
FNH:1
FNDA:4,RestError
DA:1,1
DA:2,1
DA:3,1
DA:4,1
DA:5,1
DA:6,4
DA:7,4
DA:8,4
DA:9,1
DA:10,1
DA:11,1
DA:12,1
DA:13,1
DA:14,1
DA:15,1
DA:16,1
LF:16
LH:16
BRDA:5,0,0,4
BRDA:11,1,0,1
BRF:2
BRH:2
end_of_record
